#
# There is insufficient memory for the Java Runtime Environment to continue.
# Native memory allocation (malloc) failed to allocate 515696 bytes for Chunk::new
# Possible reasons:
#   The system is out of physical RAM or swap space
#   The process is running with CompressedOops enabled, and the Java Heap may be blocking the growth of the native heap
# Possible solutions:
#   Reduce memory load on the system
#   Increase physical memory or swap space
#   Check if swap backing store is full
#   Decrease Java heap size (-Xmx/-Xms)
#   Decrease number of Java threads
#   Decrease Java thread stack sizes (-Xss)
#   Set larger code cache with -XX:ReservedCodeCacheSize=
#   JVM is running with Zero Based Compressed Oops mode in which the Java heap is
#     placed in the first 32GB address space. The Java Heap base address is the
#     maximum limit for the native heap growth. Please use -XX:HeapBaseMinAddress
#     to set the Java Heap base and to place the Java Heap above 32GB virtual address.
# This output file may be truncated or incomplete.
#
#  Out of Memory Error (arena.cpp:197), pid=82768, tid=15144
#
# JRE version: OpenJDK Runtime Environment Temurin-11.0.20.1+1 (11.0.20.1+1) (build 11.0.20.1+1)
# Java VM: OpenJDK 64-Bit Server VM Temurin-11.0.20.1+1 (11.0.20.1+1, mixed mode, tiered, compressed oops, g1 gc, windows-amd64)
# No core dump will be written. Minidumps are not enabled by default on client versions of Windows
#

---------------  S U M M A R Y ------------

Command Line: -Dclassworlds.conf=C:\Program Files (x86)\apache-maven-3.8.6-bin\apache-maven-3.8.6\bin\m2.conf -Dmaven.home=C:\Program Files (x86)\apache-maven-3.8.6-bin\apache-maven-3.8.6 -Dlibrary.jansi.path=C:\Program Files (x86)\apache-maven-3.8.6-bin\apache-maven-3.8.6\lib\jansi-native -Dmaven.multiModuleProjectDirectory=F:\Z_Novatec\AA_Nora\Entrevistas\GML\noviembre-clientes-alianza\clients org.codehaus.plexus.classworlds.launcher.Launcher clean package

Host: Intel(R) Core(TM) i7-6500U CPU @ 2.50GHz, 4 cores, 15G,  Windows 10 , 64 bit Build 19041 (10.0.19041.3570)
Time: Mon Nov 13 18:22:55 2023 Hora est. Pacífico, Sudamérica elapsed time: 1.364780 seconds (0d 0h 0m 1s)

---------------  T H R E A D  ---------------

Current thread (0x000002ac2ec40000):  JavaThread "C2 CompilerThread1" daemon [_thread_in_native, id=15144, stack(0x000000ee6e000000,0x000000ee6e100000)]


Current CompileTask:
C2:   1365 1282       4       jdk.internal.module.SystemModuleFinders$SystemModuleReader::findImageLocation (42 bytes)

Stack: [0x000000ee6e000000,0x000000ee6e100000]
Native frames: (J=compiled Java code, j=interpreted, Vv=VM code, C=native code)
V  [jvm.dll+0x64fb8a]
V  [jvm.dll+0x7e3799]
V  [jvm.dll+0x7e4e99]
V  [jvm.dll+0x7e5583]
V  [jvm.dll+0x26b485]
V  [jvm.dll+0xc1a5c]
V  [jvm.dll+0xc200c]
V  [jvm.dll+0x37b847]
V  [jvm.dll+0x3467b5]
V  [jvm.dll+0x345b4a]
V  [jvm.dll+0x22320f]
V  [jvm.dll+0x222218]
V  [jvm.dll+0x19eb71]
V  [jvm.dll+0x2323e9]
V  [jvm.dll+0x23053f]
V  [jvm.dll+0x7a4b00]
V  [jvm.dll+0x79d7d4]
V  [jvm.dll+0x64e945]
C  [ucrtbase.dll+0x21bb2]
C  [KERNEL32.DLL+0x17344]
C  [ntdll.dll+0x526b1]


---------------  P R O C E S S  ---------------

Threads class SMR info:
_java_thread_list=0x000002ac2ec64150, length=11, elements={
0x000002ac0a045800, 0x000002ac2dcac000, 0x000002ac2dcb5000, 0x000002ac2dd0a800,
0x000002ac2dd0c800, 0x000002ac2dd0d800, 0x000002ac2dd13000, 0x000002ac2dd17800,
0x000002ac2dd19000, 0x000002ac2de92000, 0x000002ac2ec40000
}

Java Threads: ( => current thread )
  0x000002ac0a045800 JavaThread "main" [_thread_in_vm, id=65552, stack(0x000000ee6cc00000,0x000000ee6cd00000)]
  0x000002ac2dcac000 JavaThread "Reference Handler" daemon [_thread_blocked, id=80564, stack(0x000000ee6d300000,0x000000ee6d400000)]
  0x000002ac2dcb5000 JavaThread "Finalizer" daemon [_thread_blocked, id=82724, stack(0x000000ee6d400000,0x000000ee6d500000)]
  0x000002ac2dd0a800 JavaThread "Signal Dispatcher" daemon [_thread_blocked, id=82140, stack(0x000000ee6d500000,0x000000ee6d600000)]
  0x000002ac2dd0c800 JavaThread "Attach Listener" daemon [_thread_blocked, id=72900, stack(0x000000ee6d600000,0x000000ee6d700000)]
  0x000002ac2dd0d800 JavaThread "Service Thread" daemon [_thread_blocked, id=26116, stack(0x000000ee6d700000,0x000000ee6d800000)]
  0x000002ac2dd13000 JavaThread "C2 CompilerThread0" daemon [_thread_blocked, id=43100, stack(0x000000ee6d800000,0x000000ee6d900000)]
  0x000002ac2dd17800 JavaThread "C1 CompilerThread0" daemon [_thread_in_native, id=81148, stack(0x000000ee6d900000,0x000000ee6da00000)]
  0x000002ac2dd19000 JavaThread "Sweeper thread" daemon [_thread_blocked, id=81200, stack(0x000000ee6da00000,0x000000ee6db00000)]
  0x000002ac2de92000 JavaThread "Common-Cleaner" daemon [_thread_blocked, id=80620, stack(0x000000ee6dc00000,0x000000ee6dd00000)]
=>0x000002ac2ec40000 JavaThread "C2 CompilerThread1" daemon [_thread_in_native, id=15144, stack(0x000000ee6e000000,0x000000ee6e100000)]

Other Threads:
  0x000002ac2dc88800 VMThread "VM Thread" [stack: 0x000000ee6d200000,0x000000ee6d300000] [id=77472]
  0x000002ac2de85000 WatcherThread [stack: 0x000000ee6db00000,0x000000ee6dc00000] [id=80936]
  0x000002ac0a05e000 GCTaskThread "GC Thread#0" [stack: 0x000000ee6cd00000,0x000000ee6ce00000] [id=81784]
  0x000002ac2eb60800 GCTaskThread "GC Thread#1" [stack: 0x000000ee6dd00000,0x000000ee6de00000] [id=65772]
  0x000002ac2eb3a000 GCTaskThread "GC Thread#2" [stack: 0x000000ee6de00000,0x000000ee6df00000] [id=80048]
  0x000002ac2e318000 GCTaskThread "GC Thread#3" [stack: 0x000000ee6df00000,0x000000ee6e000000] [id=79556]
  0x000002ac0a0bb000 ConcurrentGCThread "G1 Main Marker" [stack: 0x000000ee6ce00000,0x000000ee6cf00000] [id=80900]
  0x000002ac0a0bd800 ConcurrentGCThread "G1 Conc#0" [stack: 0x000000ee6cf00000,0x000000ee6d000000] [id=78968]
  0x000002ac2d2e3800 ConcurrentGCThread "G1 Refine#0" [stack: 0x000000ee6d000000,0x000000ee6d100000] [id=79116]
  0x000002ac2d2e4800 ConcurrentGCThread "G1 Young RemSet Sampling" [stack: 0x000000ee6d100000,0x000000ee6d200000] [id=81500]

Threads with active compile tasks:
C2 CompilerThread1     1480 1282       4       jdk.internal.module.SystemModuleFinders$SystemModuleReader::findImageLocation (42 bytes)

VM state:not at safepoint (normal execution)

VM Mutex/Monitor currently owned by a thread: None

Heap address: 0x0000000701800000, size: 4072 MB, Compressed Oops mode: Zero based, Oop shift amount: 3
Narrow klass base: 0x0000000800000000, Narrow klass shift: 0
Compressed class space size: 1073741824 Address: 0x0000000800000000

Heap:
 garbage-first heap   total 262144K, used 19980K [0x0000000701800000, 0x0000000800000000)
  region size 1024K, 18 young (18432K), 1 survivors (1024K)
 Metaspace       used 14890K, capacity 15129K, committed 15232K, reserved 1062912K
  class space    used 1523K, capacity 1613K, committed 1664K, reserved 1048576K
Heap Regions: E=young(eden), S=young(survivor), O=old, HS=humongous(starts), HC=humongous(continues), CS=collection set, F=free, A=archive, TAMS=top-at-mark-start (previous, next)
|   0|0x0000000701800000, 0x0000000701900000, 0x0000000701900000|100%| O|  |TAMS 0x0000000701800000, 0x0000000701800000| Untracked 
|   1|0x0000000701900000, 0x0000000701a00000, 0x0000000701a00000|100%| O|  |TAMS 0x0000000701900000, 0x0000000701900000| Untracked 
|   2|0x0000000701a00000, 0x0000000701af8000, 0x0000000701b00000| 96%| O|  |TAMS 0x0000000701a00000, 0x0000000701a00000| Untracked 
|   3|0x0000000701b00000, 0x0000000701b00000, 0x0000000701c00000|  0%| F|  |TAMS 0x0000000701b00000, 0x0000000701b00000| Untracked 
|   4|0x0000000701c00000, 0x0000000701c00000, 0x0000000701d00000|  0%| F|  |TAMS 0x0000000701c00000, 0x0000000701c00000| Untracked 
|   5|0x0000000701d00000, 0x0000000701d00000, 0x0000000701e00000|  0%| F|  |TAMS 0x0000000701d00000, 0x0000000701d00000| Untracked 
|   6|0x0000000701e00000, 0x0000000701e00000, 0x0000000701f00000|  0%| F|  |TAMS 0x0000000701e00000, 0x0000000701e00000| Untracked 
|   7|0x0000000701f00000, 0x0000000701f00000, 0x0000000702000000|  0%| F|  |TAMS 0x0000000701f00000, 0x0000000701f00000| Untracked 
|   8|0x0000000702000000, 0x0000000702000000, 0x0000000702100000|  0%| F|  |TAMS 0x0000000702000000, 0x0000000702000000| Untracked 
|   9|0x0000000702100000, 0x0000000702100000, 0x0000000702200000|  0%| F|  |TAMS 0x0000000702100000, 0x0000000702100000| Untracked 
|  10|0x0000000702200000, 0x0000000702200000, 0x0000000702300000|  0%| F|  |TAMS 0x0000000702200000, 0x0000000702200000| Untracked 
|  11|0x0000000702300000, 0x0000000702300000, 0x0000000702400000|  0%| F|  |TAMS 0x0000000702300000, 0x0000000702300000| Untracked 
|  12|0x0000000702400000, 0x0000000702400000, 0x0000000702500000|  0%| F|  |TAMS 0x0000000702400000, 0x0000000702400000| Untracked 
|  13|0x0000000702500000, 0x0000000702500000, 0x0000000702600000|  0%| F|  |TAMS 0x0000000702500000, 0x0000000702500000| Untracked 
|  14|0x0000000702600000, 0x0000000702600000, 0x0000000702700000|  0%| F|  |TAMS 0x0000000702600000, 0x0000000702600000| Untracked 
|  15|0x0000000702700000, 0x0000000702700000, 0x0000000702800000|  0%| F|  |TAMS 0x0000000702700000, 0x0000000702700000| Untracked 
|  16|0x0000000702800000, 0x0000000702800000, 0x0000000702900000|  0%| F|  |TAMS 0x0000000702800000, 0x0000000702800000| Untracked 
|  17|0x0000000702900000, 0x0000000702900000, 0x0000000702a00000|  0%| F|  |TAMS 0x0000000702900000, 0x0000000702900000| Untracked 
|  18|0x0000000702a00000, 0x0000000702a00000, 0x0000000702b00000|  0%| F|  |TAMS 0x0000000702a00000, 0x0000000702a00000| Untracked 
|  19|0x0000000702b00000, 0x0000000702b00000, 0x0000000702c00000|  0%| F|  |TAMS 0x0000000702b00000, 0x0000000702b00000| Untracked 
|  20|0x0000000702c00000, 0x0000000702c00000, 0x0000000702d00000|  0%| F|  |TAMS 0x0000000702c00000, 0x0000000702c00000| Untracked 
|  21|0x0000000702d00000, 0x0000000702d00000, 0x0000000702e00000|  0%| F|  |TAMS 0x0000000702d00000, 0x0000000702d00000| Untracked 
|  22|0x0000000702e00000, 0x0000000702e00000, 0x0000000702f00000|  0%| F|  |TAMS 0x0000000702e00000, 0x0000000702e00000| Untracked 
|  23|0x0000000702f00000, 0x0000000702f00000, 0x0000000703000000|  0%| F|  |TAMS 0x0000000702f00000, 0x0000000702f00000| Untracked 
|  24|0x0000000703000000, 0x0000000703000000, 0x0000000703100000|  0%| F|  |TAMS 0x0000000703000000, 0x0000000703000000| Untracked 
|  25|0x0000000703100000, 0x0000000703100000, 0x0000000703200000|  0%| F|  |TAMS 0x0000000703100000, 0x0000000703100000| Untracked 
|  26|0x0000000703200000, 0x0000000703200000, 0x0000000703300000|  0%| F|  |TAMS 0x0000000703200000, 0x0000000703200000| Untracked 
|  27|0x0000000703300000, 0x0000000703300000, 0x0000000703400000|  0%| F|  |TAMS 0x0000000703300000, 0x0000000703300000| Untracked 
|  28|0x0000000703400000, 0x0000000703400000, 0x0000000703500000|  0%| F|  |TAMS 0x0000000703400000, 0x0000000703400000| Untracked 
|  29|0x0000000703500000, 0x0000000703500000, 0x0000000703600000|  0%| F|  |TAMS 0x0000000703500000, 0x0000000703500000| Untracked 
|  30|0x0000000703600000, 0x0000000703600000, 0x0000000703700000|  0%| F|  |TAMS 0x0000000703600000, 0x0000000703600000| Untracked 
|  31|0x0000000703700000, 0x0000000703700000, 0x0000000703800000|  0%| F|  |TAMS 0x0000000703700000, 0x0000000703700000| Untracked 
|  32|0x0000000703800000, 0x0000000703800000, 0x0000000703900000|  0%| F|  |TAMS 0x0000000703800000, 0x0000000703800000| Untracked 
|  33|0x0000000703900000, 0x0000000703900000, 0x0000000703a00000|  0%| F|  |TAMS 0x0000000703900000, 0x0000000703900000| Untracked 
|  34|0x0000000703a00000, 0x0000000703a00000, 0x0000000703b00000|  0%| F|  |TAMS 0x0000000703a00000, 0x0000000703a00000| Untracked 
|  35|0x0000000703b00000, 0x0000000703b00000, 0x0000000703c00000|  0%| F|  |TAMS 0x0000000703b00000, 0x0000000703b00000| Untracked 
|  36|0x0000000703c00000, 0x0000000703c00000, 0x0000000703d00000|  0%| F|  |TAMS 0x0000000703c00000, 0x0000000703c00000| Untracked 
|  37|0x0000000703d00000, 0x0000000703d00000, 0x0000000703e00000|  0%| F|  |TAMS 0x0000000703d00000, 0x0000000703d00000| Untracked 
|  38|0x0000000703e00000, 0x0000000703e00000, 0x0000000703f00000|  0%| F|  |TAMS 0x0000000703e00000, 0x0000000703e00000| Untracked 
|  39|0x0000000703f00000, 0x0000000703f00000, 0x0000000704000000|  0%| F|  |TAMS 0x0000000703f00000, 0x0000000703f00000| Untracked 
|  40|0x0000000704000000, 0x0000000704000000, 0x0000000704100000|  0%| F|  |TAMS 0x0000000704000000, 0x0000000704000000| Untracked 
|  41|0x0000000704100000, 0x0000000704100000, 0x0000000704200000|  0%| F|  |TAMS 0x0000000704100000, 0x0000000704100000| Untracked 
|  42|0x0000000704200000, 0x0000000704200000, 0x0000000704300000|  0%| F|  |TAMS 0x0000000704200000, 0x0000000704200000| Untracked 
|  43|0x0000000704300000, 0x0000000704300000, 0x0000000704400000|  0%| F|  |TAMS 0x0000000704300000, 0x0000000704300000| Untracked 
|  44|0x0000000704400000, 0x0000000704400000, 0x0000000704500000|  0%| F|  |TAMS 0x0000000704400000, 0x0000000704400000| Untracked 
|  45|0x0000000704500000, 0x0000000704500000, 0x0000000704600000|  0%| F|  |TAMS 0x0000000704500000, 0x0000000704500000| Untracked 
|  46|0x0000000704600000, 0x0000000704600000, 0x0000000704700000|  0%| F|  |TAMS 0x0000000704600000, 0x0000000704600000| Untracked 
|  47|0x0000000704700000, 0x0000000704700000, 0x0000000704800000|  0%| F|  |TAMS 0x0000000704700000, 0x0000000704700000| Untracked 
|  48|0x0000000704800000, 0x0000000704800000, 0x0000000704900000|  0%| F|  |TAMS 0x0000000704800000, 0x0000000704800000| Untracked 
|  49|0x0000000704900000, 0x0000000704900000, 0x0000000704a00000|  0%| F|  |TAMS 0x0000000704900000, 0x0000000704900000| Untracked 
|  50|0x0000000704a00000, 0x0000000704a00000, 0x0000000704b00000|  0%| F|  |TAMS 0x0000000704a00000, 0x0000000704a00000| Untracked 
|  51|0x0000000704b00000, 0x0000000704b00000, 0x0000000704c00000|  0%| F|  |TAMS 0x0000000704b00000, 0x0000000704b00000| Untracked 
|  52|0x0000000704c00000, 0x0000000704c00000, 0x0000000704d00000|  0%| F|  |TAMS 0x0000000704c00000, 0x0000000704c00000| Untracked 
|  53|0x0000000704d00000, 0x0000000704d00000, 0x0000000704e00000|  0%| F|  |TAMS 0x0000000704d00000, 0x0000000704d00000| Untracked 
|  54|0x0000000704e00000, 0x0000000704e00000, 0x0000000704f00000|  0%| F|  |TAMS 0x0000000704e00000, 0x0000000704e00000| Untracked 
|  55|0x0000000704f00000, 0x0000000704f00000, 0x0000000705000000|  0%| F|  |TAMS 0x0000000704f00000, 0x0000000704f00000| Untracked 
|  56|0x0000000705000000, 0x0000000705000000, 0x0000000705100000|  0%| F|  |TAMS 0x0000000705000000, 0x0000000705000000| Untracked 
|  57|0x0000000705100000, 0x0000000705100000, 0x0000000705200000|  0%| F|  |TAMS 0x0000000705100000, 0x0000000705100000| Untracked 
|  58|0x0000000705200000, 0x0000000705200000, 0x0000000705300000|  0%| F|  |TAMS 0x0000000705200000, 0x0000000705200000| Untracked 
|  59|0x0000000705300000, 0x0000000705300000, 0x0000000705400000|  0%| F|  |TAMS 0x0000000705300000, 0x0000000705300000| Untracked 
|  60|0x0000000705400000, 0x0000000705400000, 0x0000000705500000|  0%| F|  |TAMS 0x0000000705400000, 0x0000000705400000| Untracked 
|  61|0x0000000705500000, 0x0000000705500000, 0x0000000705600000|  0%| F|  |TAMS 0x0000000705500000, 0x0000000705500000| Untracked 
|  62|0x0000000705600000, 0x0000000705600000, 0x0000000705700000|  0%| F|  |TAMS 0x0000000705600000, 0x0000000705600000| Untracked 
|  63|0x0000000705700000, 0x0000000705700000, 0x0000000705800000|  0%| F|  |TAMS 0x0000000705700000, 0x0000000705700000| Untracked 
|  64|0x0000000705800000, 0x0000000705800000, 0x0000000705900000|  0%| F|  |TAMS 0x0000000705800000, 0x0000000705800000| Untracked 
|  65|0x0000000705900000, 0x0000000705900000, 0x0000000705a00000|  0%| F|  |TAMS 0x0000000705900000, 0x0000000705900000| Untracked 
|  66|0x0000000705a00000, 0x0000000705a00000, 0x0000000705b00000|  0%| F|  |TAMS 0x0000000705a00000, 0x0000000705a00000| Untracked 
|  67|0x0000000705b00000, 0x0000000705b00000, 0x0000000705c00000|  0%| F|  |TAMS 0x0000000705b00000, 0x0000000705b00000| Untracked 
|  68|0x0000000705c00000, 0x0000000705c00000, 0x0000000705d00000|  0%| F|  |TAMS 0x0000000705c00000, 0x0000000705c00000| Untracked 
|  69|0x0000000705d00000, 0x0000000705d00000, 0x0000000705e00000|  0%| F|  |TAMS 0x0000000705d00000, 0x0000000705d00000| Untracked 
|  70|0x0000000705e00000, 0x0000000705e00000, 0x0000000705f00000|  0%| F|  |TAMS 0x0000000705e00000, 0x0000000705e00000| Untracked 
|  71|0x0000000705f00000, 0x0000000705f00000, 0x0000000706000000|  0%| F|  |TAMS 0x0000000705f00000, 0x0000000705f00000| Untracked 
|  72|0x0000000706000000, 0x0000000706000000, 0x0000000706100000|  0%| F|  |TAMS 0x0000000706000000, 0x0000000706000000| Untracked 
|  73|0x0000000706100000, 0x0000000706100000, 0x0000000706200000|  0%| F|  |TAMS 0x0000000706100000, 0x0000000706100000| Untracked 
|  74|0x0000000706200000, 0x0000000706200000, 0x0000000706300000|  0%| F|  |TAMS 0x0000000706200000, 0x0000000706200000| Untracked 
|  75|0x0000000706300000, 0x0000000706300000, 0x0000000706400000|  0%| F|  |TAMS 0x0000000706300000, 0x0000000706300000| Untracked 
|  76|0x0000000706400000, 0x0000000706400000, 0x0000000706500000|  0%| F|  |TAMS 0x0000000706400000, 0x0000000706400000| Untracked 
|  77|0x0000000706500000, 0x0000000706500000, 0x0000000706600000|  0%| F|  |TAMS 0x0000000706500000, 0x0000000706500000| Untracked 
|  78|0x0000000706600000, 0x0000000706600000, 0x0000000706700000|  0%| F|  |TAMS 0x0000000706600000, 0x0000000706600000| Untracked 
|  79|0x0000000706700000, 0x0000000706700000, 0x0000000706800000|  0%| F|  |TAMS 0x0000000706700000, 0x0000000706700000| Untracked 
|  80|0x0000000706800000, 0x0000000706800000, 0x0000000706900000|  0%| F|  |TAMS 0x0000000706800000, 0x0000000706800000| Untracked 
|  81|0x0000000706900000, 0x0000000706900000, 0x0000000706a00000|  0%| F|  |TAMS 0x0000000706900000, 0x0000000706900000| Untracked 
|  82|0x0000000706a00000, 0x0000000706a00000, 0x0000000706b00000|  0%| F|  |TAMS 0x0000000706a00000, 0x0000000706a00000| Untracked 
|  83|0x0000000706b00000, 0x0000000706b00000, 0x0000000706c00000|  0%| F|  |TAMS 0x0000000706b00000, 0x0000000706b00000| Untracked 
|  84|0x0000000706c00000, 0x0000000706c00000, 0x0000000706d00000|  0%| F|  |TAMS 0x0000000706c00000, 0x0000000706c00000| Untracked 
|  85|0x0000000706d00000, 0x0000000706d00000, 0x0000000706e00000|  0%| F|  |TAMS 0x0000000706d00000, 0x0000000706d00000| Untracked 
|  86|0x0000000706e00000, 0x0000000706e00000, 0x0000000706f00000|  0%| F|  |TAMS 0x0000000706e00000, 0x0000000706e00000| Untracked 
|  87|0x0000000706f00000, 0x0000000706f00000, 0x0000000707000000|  0%| F|  |TAMS 0x0000000706f00000, 0x0000000706f00000| Untracked 
|  88|0x0000000707000000, 0x0000000707000000, 0x0000000707100000|  0%| F|  |TAMS 0x0000000707000000, 0x0000000707000000| Untracked 
|  89|0x0000000707100000, 0x0000000707100000, 0x0000000707200000|  0%| F|  |TAMS 0x0000000707100000, 0x0000000707100000| Untracked 
|  90|0x0000000707200000, 0x0000000707200000, 0x0000000707300000|  0%| F|  |TAMS 0x0000000707200000, 0x0000000707200000| Untracked 
|  91|0x0000000707300000, 0x0000000707300000, 0x0000000707400000|  0%| F|  |TAMS 0x0000000707300000, 0x0000000707300000| Untracked 
|  92|0x0000000707400000, 0x0000000707400000, 0x0000000707500000|  0%| F|  |TAMS 0x0000000707400000, 0x0000000707400000| Untracked 
|  93|0x0000000707500000, 0x0000000707500000, 0x0000000707600000|  0%| F|  |TAMS 0x0000000707500000, 0x0000000707500000| Untracked 
|  94|0x0000000707600000, 0x0000000707600000, 0x0000000707700000|  0%| F|  |TAMS 0x0000000707600000, 0x0000000707600000| Untracked 
|  95|0x0000000707700000, 0x0000000707700000, 0x0000000707800000|  0%| F|  |TAMS 0x0000000707700000, 0x0000000707700000| Untracked 
|  96|0x0000000707800000, 0x0000000707800000, 0x0000000707900000|  0%| F|  |TAMS 0x0000000707800000, 0x0000000707800000| Untracked 
|  97|0x0000000707900000, 0x0000000707900000, 0x0000000707a00000|  0%| F|  |TAMS 0x0000000707900000, 0x0000000707900000| Untracked 
|  98|0x0000000707a00000, 0x0000000707a00000, 0x0000000707b00000|  0%| F|  |TAMS 0x0000000707a00000, 0x0000000707a00000| Untracked 
|  99|0x0000000707b00000, 0x0000000707b00000, 0x0000000707c00000|  0%| F|  |TAMS 0x0000000707b00000, 0x0000000707b00000| Untracked 
| 100|0x0000000707c00000, 0x0000000707c00000, 0x0000000707d00000|  0%| F|  |TAMS 0x0000000707c00000, 0x0000000707c00000| Untracked 
| 101|0x0000000707d00000, 0x0000000707d00000, 0x0000000707e00000|  0%| F|  |TAMS 0x0000000707d00000, 0x0000000707d00000| Untracked 
| 102|0x0000000707e00000, 0x0000000707e00000, 0x0000000707f00000|  0%| F|  |TAMS 0x0000000707e00000, 0x0000000707e00000| Untracked 
| 103|0x0000000707f00000, 0x0000000707f00000, 0x0000000708000000|  0%| F|  |TAMS 0x0000000707f00000, 0x0000000707f00000| Untracked 
| 104|0x0000000708000000, 0x0000000708000000, 0x0000000708100000|  0%| F|  |TAMS 0x0000000708000000, 0x0000000708000000| Untracked 
| 105|0x0000000708100000, 0x0000000708100000, 0x0000000708200000|  0%| F|  |TAMS 0x0000000708100000, 0x0000000708100000| Untracked 
| 106|0x0000000708200000, 0x0000000708200000, 0x0000000708300000|  0%| F|  |TAMS 0x0000000708200000, 0x0000000708200000| Untracked 
| 107|0x0000000708300000, 0x0000000708300000, 0x0000000708400000|  0%| F|  |TAMS 0x0000000708300000, 0x0000000708300000| Untracked 
| 108|0x0000000708400000, 0x0000000708400000, 0x0000000708500000|  0%| F|  |TAMS 0x0000000708400000, 0x0000000708400000| Untracked 
| 109|0x0000000708500000, 0x0000000708500000, 0x0000000708600000|  0%| F|  |TAMS 0x0000000708500000, 0x0000000708500000| Untracked 
| 110|0x0000000708600000, 0x0000000708600000, 0x0000000708700000|  0%| F|  |TAMS 0x0000000708600000, 0x0000000708600000| Untracked 
| 111|0x0000000708700000, 0x0000000708700000, 0x0000000708800000|  0%| F|  |TAMS 0x0000000708700000, 0x0000000708700000| Untracked 
| 112|0x0000000708800000, 0x0000000708800000, 0x0000000708900000|  0%| F|  |TAMS 0x0000000708800000, 0x0000000708800000| Untracked 
| 113|0x0000000708900000, 0x0000000708900000, 0x0000000708a00000|  0%| F|  |TAMS 0x0000000708900000, 0x0000000708900000| Untracked 
| 114|0x0000000708a00000, 0x0000000708a00000, 0x0000000708b00000|  0%| F|  |TAMS 0x0000000708a00000, 0x0000000708a00000| Untracked 
| 115|0x0000000708b00000, 0x0000000708b00000, 0x0000000708c00000|  0%| F|  |TAMS 0x0000000708b00000, 0x0000000708b00000| Untracked 
| 116|0x0000000708c00000, 0x0000000708c00000, 0x0000000708d00000|  0%| F|  |TAMS 0x0000000708c00000, 0x0000000708c00000| Untracked 
| 117|0x0000000708d00000, 0x0000000708d00000, 0x0000000708e00000|  0%| F|  |TAMS 0x0000000708d00000, 0x0000000708d00000| Untracked 
| 118|0x0000000708e00000, 0x0000000708e00000, 0x0000000708f00000|  0%| F|  |TAMS 0x0000000708e00000, 0x0000000708e00000| Untracked 
| 119|0x0000000708f00000, 0x0000000708f00000, 0x0000000709000000|  0%| F|  |TAMS 0x0000000708f00000, 0x0000000708f00000| Untracked 
| 120|0x0000000709000000, 0x0000000709000000, 0x0000000709100000|  0%| F|  |TAMS 0x0000000709000000, 0x0000000709000000| Untracked 
| 121|0x0000000709100000, 0x0000000709100000, 0x0000000709200000|  0%| F|  |TAMS 0x0000000709100000, 0x0000000709100000| Untracked 
| 122|0x0000000709200000, 0x0000000709200000, 0x0000000709300000|  0%| F|  |TAMS 0x0000000709200000, 0x0000000709200000| Untracked 
| 123|0x0000000709300000, 0x0000000709300000, 0x0000000709400000|  0%| F|  |TAMS 0x0000000709300000, 0x0000000709300000| Untracked 
| 124|0x0000000709400000, 0x0000000709400000, 0x0000000709500000|  0%| F|  |TAMS 0x0000000709400000, 0x0000000709400000| Untracked 
| 125|0x0000000709500000, 0x0000000709500000, 0x0000000709600000|  0%| F|  |TAMS 0x0000000709500000, 0x0000000709500000| Untracked 
| 126|0x0000000709600000, 0x0000000709600000, 0x0000000709700000|  0%| F|  |TAMS 0x0000000709600000, 0x0000000709600000| Untracked 
| 127|0x0000000709700000, 0x0000000709700000, 0x0000000709800000|  0%| F|  |TAMS 0x0000000709700000, 0x0000000709700000| Untracked 
| 128|0x0000000709800000, 0x0000000709800000, 0x0000000709900000|  0%| F|  |TAMS 0x0000000709800000, 0x0000000709800000| Untracked 
| 129|0x0000000709900000, 0x0000000709900000, 0x0000000709a00000|  0%| F|  |TAMS 0x0000000709900000, 0x0000000709900000| Untracked 
| 130|0x0000000709a00000, 0x0000000709a00000, 0x0000000709b00000|  0%| F|  |TAMS 0x0000000709a00000, 0x0000000709a00000| Untracked 
| 131|0x0000000709b00000, 0x0000000709b00000, 0x0000000709c00000|  0%| F|  |TAMS 0x0000000709b00000, 0x0000000709b00000| Untracked 
| 132|0x0000000709c00000, 0x0000000709c00000, 0x0000000709d00000|  0%| F|  |TAMS 0x0000000709c00000, 0x0000000709c00000| Untracked 
| 133|0x0000000709d00000, 0x0000000709d00000, 0x0000000709e00000|  0%| F|  |TAMS 0x0000000709d00000, 0x0000000709d00000| Untracked 
| 134|0x0000000709e00000, 0x0000000709e00000, 0x0000000709f00000|  0%| F|  |TAMS 0x0000000709e00000, 0x0000000709e00000| Untracked 
| 135|0x0000000709f00000, 0x0000000709f00000, 0x000000070a000000|  0%| F|  |TAMS 0x0000000709f00000, 0x0000000709f00000| Untracked 
| 136|0x000000070a000000, 0x000000070a000000, 0x000000070a100000|  0%| F|  |TAMS 0x000000070a000000, 0x000000070a000000| Untracked 
| 137|0x000000070a100000, 0x000000070a100000, 0x000000070a200000|  0%| F|  |TAMS 0x000000070a100000, 0x000000070a100000| Untracked 
| 138|0x000000070a200000, 0x000000070a200000, 0x000000070a300000|  0%| F|  |TAMS 0x000000070a200000, 0x000000070a200000| Untracked 
| 139|0x000000070a300000, 0x000000070a300000, 0x000000070a400000|  0%| F|  |TAMS 0x000000070a300000, 0x000000070a300000| Untracked 
| 140|0x000000070a400000, 0x000000070a400000, 0x000000070a500000|  0%| F|  |TAMS 0x000000070a400000, 0x000000070a400000| Untracked 
| 141|0x000000070a500000, 0x000000070a500000, 0x000000070a600000|  0%| F|  |TAMS 0x000000070a500000, 0x000000070a500000| Untracked 
| 142|0x000000070a600000, 0x000000070a600000, 0x000000070a700000|  0%| F|  |TAMS 0x000000070a600000, 0x000000070a600000| Untracked 
| 143|0x000000070a700000, 0x000000070a700000, 0x000000070a800000|  0%| F|  |TAMS 0x000000070a700000, 0x000000070a700000| Untracked 
| 144|0x000000070a800000, 0x000000070a800000, 0x000000070a900000|  0%| F|  |TAMS 0x000000070a800000, 0x000000070a800000| Untracked 
| 145|0x000000070a900000, 0x000000070a900000, 0x000000070aa00000|  0%| F|  |TAMS 0x000000070a900000, 0x000000070a900000| Untracked 
| 146|0x000000070aa00000, 0x000000070aa00000, 0x000000070ab00000|  0%| F|  |TAMS 0x000000070aa00000, 0x000000070aa00000| Untracked 
| 147|0x000000070ab00000, 0x000000070ab00000, 0x000000070ac00000|  0%| F|  |TAMS 0x000000070ab00000, 0x000000070ab00000| Untracked 
| 148|0x000000070ac00000, 0x000000070ac00000, 0x000000070ad00000|  0%| F|  |TAMS 0x000000070ac00000, 0x000000070ac00000| Untracked 
| 149|0x000000070ad00000, 0x000000070ad00000, 0x000000070ae00000|  0%| F|  |TAMS 0x000000070ad00000, 0x000000070ad00000| Untracked 
| 150|0x000000070ae00000, 0x000000070ae00000, 0x000000070af00000|  0%| F|  |TAMS 0x000000070ae00000, 0x000000070ae00000| Untracked 
| 151|0x000000070af00000, 0x000000070af00000, 0x000000070b000000|  0%| F|  |TAMS 0x000000070af00000, 0x000000070af00000| Untracked 
| 152|0x000000070b000000, 0x000000070b000000, 0x000000070b100000|  0%| F|  |TAMS 0x000000070b000000, 0x000000070b000000| Untracked 
| 153|0x000000070b100000, 0x000000070b100000, 0x000000070b200000|  0%| F|  |TAMS 0x000000070b100000, 0x000000070b100000| Untracked 
| 154|0x000000070b200000, 0x000000070b200000, 0x000000070b300000|  0%| F|  |TAMS 0x000000070b200000, 0x000000070b200000| Untracked 
| 155|0x000000070b300000, 0x000000070b300000, 0x000000070b400000|  0%| F|  |TAMS 0x000000070b300000, 0x000000070b300000| Untracked 
| 156|0x000000070b400000, 0x000000070b400000, 0x000000070b500000|  0%| F|  |TAMS 0x000000070b400000, 0x000000070b400000| Untracked 
| 157|0x000000070b500000, 0x000000070b500000, 0x000000070b600000|  0%| F|  |TAMS 0x000000070b500000, 0x000000070b500000| Untracked 
| 158|0x000000070b600000, 0x000000070b600000, 0x000000070b700000|  0%| F|  |TAMS 0x000000070b600000, 0x000000070b600000| Untracked 
| 159|0x000000070b700000, 0x000000070b700000, 0x000000070b800000|  0%| F|  |TAMS 0x000000070b700000, 0x000000070b700000| Untracked 
| 160|0x000000070b800000, 0x000000070b800000, 0x000000070b900000|  0%| F|  |TAMS 0x000000070b800000, 0x000000070b800000| Untracked 
| 161|0x000000070b900000, 0x000000070b900000, 0x000000070ba00000|  0%| F|  |TAMS 0x000000070b900000, 0x000000070b900000| Untracked 
| 162|0x000000070ba00000, 0x000000070ba00000, 0x000000070bb00000|  0%| F|  |TAMS 0x000000070ba00000, 0x000000070ba00000| Untracked 
| 163|0x000000070bb00000, 0x000000070bb00000, 0x000000070bc00000|  0%| F|  |TAMS 0x000000070bb00000, 0x000000070bb00000| Untracked 
| 164|0x000000070bc00000, 0x000000070bc00000, 0x000000070bd00000|  0%| F|  |TAMS 0x000000070bc00000, 0x000000070bc00000| Untracked 
| 165|0x000000070bd00000, 0x000000070bd00000, 0x000000070be00000|  0%| F|  |TAMS 0x000000070bd00000, 0x000000070bd00000| Untracked 
| 166|0x000000070be00000, 0x000000070be00000, 0x000000070bf00000|  0%| F|  |TAMS 0x000000070be00000, 0x000000070be00000| Untracked 
| 167|0x000000070bf00000, 0x000000070bf00000, 0x000000070c000000|  0%| F|  |TAMS 0x000000070bf00000, 0x000000070bf00000| Untracked 
| 168|0x000000070c000000, 0x000000070c000000, 0x000000070c100000|  0%| F|  |TAMS 0x000000070c000000, 0x000000070c000000| Untracked 
| 169|0x000000070c100000, 0x000000070c100000, 0x000000070c200000|  0%| F|  |TAMS 0x000000070c100000, 0x000000070c100000| Untracked 
| 170|0x000000070c200000, 0x000000070c200000, 0x000000070c300000|  0%| F|  |TAMS 0x000000070c200000, 0x000000070c200000| Untracked 
| 171|0x000000070c300000, 0x000000070c300000, 0x000000070c400000|  0%| F|  |TAMS 0x000000070c300000, 0x000000070c300000| Untracked 
| 172|0x000000070c400000, 0x000000070c400000, 0x000000070c500000|  0%| F|  |TAMS 0x000000070c400000, 0x000000070c400000| Untracked 
| 173|0x000000070c500000, 0x000000070c500000, 0x000000070c600000|  0%| F|  |TAMS 0x000000070c500000, 0x000000070c500000| Untracked 
| 174|0x000000070c600000, 0x000000070c600000, 0x000000070c700000|  0%| F|  |TAMS 0x000000070c600000, 0x000000070c600000| Untracked 
| 175|0x000000070c700000, 0x000000070c700000, 0x000000070c800000|  0%| F|  |TAMS 0x000000070c700000, 0x000000070c700000| Untracked 
| 176|0x000000070c800000, 0x000000070c800000, 0x000000070c900000|  0%| F|  |TAMS 0x000000070c800000, 0x000000070c800000| Untracked 
| 177|0x000000070c900000, 0x000000070c900000, 0x000000070ca00000|  0%| F|  |TAMS 0x000000070c900000, 0x000000070c900000| Untracked 
| 178|0x000000070ca00000, 0x000000070ca00000, 0x000000070cb00000|  0%| F|  |TAMS 0x000000070ca00000, 0x000000070ca00000| Untracked 
| 179|0x000000070cb00000, 0x000000070cb00000, 0x000000070cc00000|  0%| F|  |TAMS 0x000000070cb00000, 0x000000070cb00000| Untracked 
| 180|0x000000070cc00000, 0x000000070cc00000, 0x000000070cd00000|  0%| F|  |TAMS 0x000000070cc00000, 0x000000070cc00000| Untracked 
| 181|0x000000070cd00000, 0x000000070cd00000, 0x000000070ce00000|  0%| F|  |TAMS 0x000000070cd00000, 0x000000070cd00000| Untracked 
| 182|0x000000070ce00000, 0x000000070ce00000, 0x000000070cf00000|  0%| F|  |TAMS 0x000000070ce00000, 0x000000070ce00000| Untracked 
| 183|0x000000070cf00000, 0x000000070cf00000, 0x000000070d000000|  0%| F|  |TAMS 0x000000070cf00000, 0x000000070cf00000| Untracked 
| 184|0x000000070d000000, 0x000000070d000000, 0x000000070d100000|  0%| F|  |TAMS 0x000000070d000000, 0x000000070d000000| Untracked 
| 185|0x000000070d100000, 0x000000070d100000, 0x000000070d200000|  0%| F|  |TAMS 0x000000070d100000, 0x000000070d100000| Untracked 
| 186|0x000000070d200000, 0x000000070d200000, 0x000000070d300000|  0%| F|  |TAMS 0x000000070d200000, 0x000000070d200000| Untracked 
| 187|0x000000070d300000, 0x000000070d300000, 0x000000070d400000|  0%| F|  |TAMS 0x000000070d300000, 0x000000070d300000| Untracked 
| 188|0x000000070d400000, 0x000000070d400000, 0x000000070d500000|  0%| F|  |TAMS 0x000000070d400000, 0x000000070d400000| Untracked 
| 189|0x000000070d500000, 0x000000070d500000, 0x000000070d600000|  0%| F|  |TAMS 0x000000070d500000, 0x000000070d500000| Untracked 
| 190|0x000000070d600000, 0x000000070d600000, 0x000000070d700000|  0%| F|  |TAMS 0x000000070d600000, 0x000000070d600000| Untracked 
| 191|0x000000070d700000, 0x000000070d700000, 0x000000070d800000|  0%| F|  |TAMS 0x000000070d700000, 0x000000070d700000| Untracked 
| 192|0x000000070d800000, 0x000000070d800000, 0x000000070d900000|  0%| F|  |TAMS 0x000000070d800000, 0x000000070d800000| Untracked 
| 193|0x000000070d900000, 0x000000070d900000, 0x000000070da00000|  0%| F|  |TAMS 0x000000070d900000, 0x000000070d900000| Untracked 
| 194|0x000000070da00000, 0x000000070da00000, 0x000000070db00000|  0%| F|  |TAMS 0x000000070da00000, 0x000000070da00000| Untracked 
| 195|0x000000070db00000, 0x000000070db00000, 0x000000070dc00000|  0%| F|  |TAMS 0x000000070db00000, 0x000000070db00000| Untracked 
| 196|0x000000070dc00000, 0x000000070dc00000, 0x000000070dd00000|  0%| F|  |TAMS 0x000000070dc00000, 0x000000070dc00000| Untracked 
| 197|0x000000070dd00000, 0x000000070dd00000, 0x000000070de00000|  0%| F|  |TAMS 0x000000070dd00000, 0x000000070dd00000| Untracked 
| 198|0x000000070de00000, 0x000000070de00000, 0x000000070df00000|  0%| F|  |TAMS 0x000000070de00000, 0x000000070de00000| Untracked 
| 199|0x000000070df00000, 0x000000070df00000, 0x000000070e000000|  0%| F|  |TAMS 0x000000070df00000, 0x000000070df00000| Untracked 
| 200|0x000000070e000000, 0x000000070e000000, 0x000000070e100000|  0%| F|  |TAMS 0x000000070e000000, 0x000000070e000000| Untracked 
| 201|0x000000070e100000, 0x000000070e100000, 0x000000070e200000|  0%| F|  |TAMS 0x000000070e100000, 0x000000070e100000| Untracked 
| 202|0x000000070e200000, 0x000000070e200000, 0x000000070e300000|  0%| F|  |TAMS 0x000000070e200000, 0x000000070e200000| Untracked 
| 203|0x000000070e300000, 0x000000070e300000, 0x000000070e400000|  0%| F|  |TAMS 0x000000070e300000, 0x000000070e300000| Untracked 
| 204|0x000000070e400000, 0x000000070e400000, 0x000000070e500000|  0%| F|  |TAMS 0x000000070e400000, 0x000000070e400000| Untracked 
| 205|0x000000070e500000, 0x000000070e500000, 0x000000070e600000|  0%| F|  |TAMS 0x000000070e500000, 0x000000070e500000| Untracked 
| 206|0x000000070e600000, 0x000000070e600000, 0x000000070e700000|  0%| F|  |TAMS 0x000000070e600000, 0x000000070e600000| Untracked 
| 207|0x000000070e700000, 0x000000070e700000, 0x000000070e800000|  0%| F|  |TAMS 0x000000070e700000, 0x000000070e700000| Untracked 
| 208|0x000000070e800000, 0x000000070e800000, 0x000000070e900000|  0%| F|  |TAMS 0x000000070e800000, 0x000000070e800000| Untracked 
| 209|0x000000070e900000, 0x000000070e900000, 0x000000070ea00000|  0%| F|  |TAMS 0x000000070e900000, 0x000000070e900000| Untracked 
| 210|0x000000070ea00000, 0x000000070ea00000, 0x000000070eb00000|  0%| F|  |TAMS 0x000000070ea00000, 0x000000070ea00000| Untracked 
| 211|0x000000070eb00000, 0x000000070eb00000, 0x000000070ec00000|  0%| F|  |TAMS 0x000000070eb00000, 0x000000070eb00000| Untracked 
| 212|0x000000070ec00000, 0x000000070ec00000, 0x000000070ed00000|  0%| F|  |TAMS 0x000000070ec00000, 0x000000070ec00000| Untracked 
| 213|0x000000070ed00000, 0x000000070ed00000, 0x000000070ee00000|  0%| F|  |TAMS 0x000000070ed00000, 0x000000070ed00000| Untracked 
| 214|0x000000070ee00000, 0x000000070ee00000, 0x000000070ef00000|  0%| F|  |TAMS 0x000000070ee00000, 0x000000070ee00000| Untracked 
| 215|0x000000070ef00000, 0x000000070ef00000, 0x000000070f000000|  0%| F|  |TAMS 0x000000070ef00000, 0x000000070ef00000| Untracked 
| 216|0x000000070f000000, 0x000000070f000000, 0x000000070f100000|  0%| F|  |TAMS 0x000000070f000000, 0x000000070f000000| Untracked 
| 217|0x000000070f100000, 0x000000070f100000, 0x000000070f200000|  0%| F|  |TAMS 0x000000070f100000, 0x000000070f100000| Untracked 
| 218|0x000000070f200000, 0x000000070f200000, 0x000000070f300000|  0%| F|  |TAMS 0x000000070f200000, 0x000000070f200000| Untracked 
| 219|0x000000070f300000, 0x000000070f300000, 0x000000070f400000|  0%| F|  |TAMS 0x000000070f300000, 0x000000070f300000| Untracked 
| 220|0x000000070f400000, 0x000000070f400000, 0x000000070f500000|  0%| F|  |TAMS 0x000000070f400000, 0x000000070f400000| Untracked 
| 221|0x000000070f500000, 0x000000070f500000, 0x000000070f600000|  0%| F|  |TAMS 0x000000070f500000, 0x000000070f500000| Untracked 
| 222|0x000000070f600000, 0x000000070f600000, 0x000000070f700000|  0%| F|  |TAMS 0x000000070f600000, 0x000000070f600000| Untracked 
| 223|0x000000070f700000, 0x000000070f700000, 0x000000070f800000|  0%| F|  |TAMS 0x000000070f700000, 0x000000070f700000| Untracked 
| 224|0x000000070f800000, 0x000000070f800000, 0x000000070f900000|  0%| F|  |TAMS 0x000000070f800000, 0x000000070f800000| Untracked 
| 225|0x000000070f900000, 0x000000070f900000, 0x000000070fa00000|  0%| F|  |TAMS 0x000000070f900000, 0x000000070f900000| Untracked 
| 226|0x000000070fa00000, 0x000000070fa00000, 0x000000070fb00000|  0%| F|  |TAMS 0x000000070fa00000, 0x000000070fa00000| Untracked 
| 227|0x000000070fb00000, 0x000000070fb00000, 0x000000070fc00000|  0%| F|  |TAMS 0x000000070fb00000, 0x000000070fb00000| Untracked 
| 228|0x000000070fc00000, 0x000000070fc00000, 0x000000070fd00000|  0%| F|  |TAMS 0x000000070fc00000, 0x000000070fc00000| Untracked 
| 229|0x000000070fd00000, 0x000000070fd00000, 0x000000070fe00000|  0%| F|  |TAMS 0x000000070fd00000, 0x000000070fd00000| Untracked 
| 230|0x000000070fe00000, 0x000000070fe00000, 0x000000070ff00000|  0%| F|  |TAMS 0x000000070fe00000, 0x000000070fe00000| Untracked 
| 231|0x000000070ff00000, 0x000000070ff00000, 0x0000000710000000|  0%| F|  |TAMS 0x000000070ff00000, 0x000000070ff00000| Untracked 
| 232|0x0000000710000000, 0x0000000710000000, 0x0000000710100000|  0%| F|  |TAMS 0x0000000710000000, 0x0000000710000000| Untracked 
| 233|0x0000000710100000, 0x0000000710100000, 0x0000000710200000|  0%| F|  |TAMS 0x0000000710100000, 0x0000000710100000| Untracked 
| 234|0x0000000710200000, 0x0000000710200000, 0x0000000710300000|  0%| F|  |TAMS 0x0000000710200000, 0x0000000710200000| Untracked 
| 235|0x0000000710300000, 0x0000000710300000, 0x0000000710400000|  0%| F|  |TAMS 0x0000000710300000, 0x0000000710300000| Untracked 
| 236|0x0000000710400000, 0x0000000710400000, 0x0000000710500000|  0%| F|  |TAMS 0x0000000710400000, 0x0000000710400000| Untracked 
| 237|0x0000000710500000, 0x0000000710500000, 0x0000000710600000|  0%| F|  |TAMS 0x0000000710500000, 0x0000000710500000| Untracked 
| 238|0x0000000710600000, 0x0000000710700000, 0x0000000710700000|100%| E|  |TAMS 0x0000000710600000, 0x0000000710600000| Complete 
| 239|0x0000000710700000, 0x0000000710800000, 0x0000000710800000|100%| E|CS|TAMS 0x0000000710700000, 0x0000000710700000| Complete 
| 240|0x0000000710800000, 0x0000000710900000, 0x0000000710900000|100%| E|CS|TAMS 0x0000000710800000, 0x0000000710800000| Complete 
| 241|0x0000000710900000, 0x0000000710a00000, 0x0000000710a00000|100%| E|CS|TAMS 0x0000000710900000, 0x0000000710900000| Complete 
| 242|0x0000000710a00000, 0x0000000710b00000, 0x0000000710b00000|100%| E|CS|TAMS 0x0000000710a00000, 0x0000000710a00000| Complete 
| 243|0x0000000710b00000, 0x0000000710c00000, 0x0000000710c00000|100%| E|CS|TAMS 0x0000000710b00000, 0x0000000710b00000| Complete 
| 244|0x0000000710c00000, 0x0000000710c8b240, 0x0000000710d00000| 54%| S|CS|TAMS 0x0000000710c00000, 0x0000000710c00000| Complete 
| 245|0x0000000710d00000, 0x0000000710e00000, 0x0000000710e00000|100%| E|CS|TAMS 0x0000000710d00000, 0x0000000710d00000| Complete 
| 246|0x0000000710e00000, 0x0000000710f00000, 0x0000000710f00000|100%| E|CS|TAMS 0x0000000710e00000, 0x0000000710e00000| Complete 
| 247|0x0000000710f00000, 0x0000000711000000, 0x0000000711000000|100%| E|CS|TAMS 0x0000000710f00000, 0x0000000710f00000| Complete 
| 248|0x0000000711000000, 0x0000000711100000, 0x0000000711100000|100%| E|CS|TAMS 0x0000000711000000, 0x0000000711000000| Complete 
| 249|0x0000000711100000, 0x0000000711200000, 0x0000000711200000|100%| E|CS|TAMS 0x0000000711100000, 0x0000000711100000| Complete 
| 250|0x0000000711200000, 0x0000000711300000, 0x0000000711300000|100%| E|CS|TAMS 0x0000000711200000, 0x0000000711200000| Complete 
| 251|0x0000000711300000, 0x0000000711400000, 0x0000000711400000|100%| E|CS|TAMS 0x0000000711300000, 0x0000000711300000| Complete 
| 252|0x0000000711400000, 0x0000000711500000, 0x0000000711500000|100%| E|CS|TAMS 0x0000000711400000, 0x0000000711400000| Complete 
| 253|0x0000000711500000, 0x0000000711600000, 0x0000000711600000|100%| E|CS|TAMS 0x0000000711500000, 0x0000000711500000| Complete 
| 254|0x0000000711600000, 0x0000000711700000, 0x0000000711700000|100%| E|CS|TAMS 0x0000000711600000, 0x0000000711600000| Complete 
| 255|0x0000000711700000, 0x0000000711800000, 0x0000000711800000|100%| E|CS|TAMS 0x0000000711700000, 0x0000000711700000| Complete 

Card table byte_map: [0x000002ac21f80000,0x000002ac22780000] _byte_map_base: 0x000002ac1e774000

Marking Bits (Prev, Next): (CMBitMap*) 0x000002ac0a0aa698, (CMBitMap*) 0x000002ac0a0aa6d0
 Prev Bits: [0x000002ac22f80000, 0x000002ac26f20000)
 Next Bits: [0x000002ac26f20000, 0x000002ac2aec0000)

Polling page: 0x000002ac07ce0000

Metaspace:

Usage:
  Non-class:     13.20 MB capacity,    13.10 MB (>99%) used,    85.73 KB ( <1%) free+waste,    15.12 KB ( <1%) overhead. 
      Class:      1.58 MB capacity,     1.49 MB ( 95%) used,    78.98 KB (  5%) free+waste,     6.19 KB ( <1%) overhead. 
       Both:     14.78 MB capacity,    14.59 MB ( 99%) used,   164.71 KB (  1%) free+waste,    21.31 KB ( <1%) overhead. 

Virtual space:
  Non-class space:       14.00 MB reserved,      13.25 MB ( 95%) committed 
      Class space:        1.00 GB reserved,       1.62 MB ( <1%) committed 
             Both:        1.01 GB reserved,      14.88 MB (  1%) committed 

Chunk freelists:
   Non-Class:  51.00 KB
       Class:  19.00 KB
        Both:  70.00 KB

MaxMetaspaceSize: 17179869184.00 GB
CompressedClassSpaceSize: 1.00 GB
Initial GC threshold: 20.80 MB
Current GC threshold: 20.80 MB
CDS: off

CodeHeap 'non-profiled nmethods': size=120064Kb used=534Kb max_used=534Kb free=119529Kb
 bounds [0x000002ac1a240000, 0x000002ac1a4b0000, 0x000002ac21780000]
CodeHeap 'profiled nmethods': size=120000Kb used=2817Kb max_used=2817Kb free=117182Kb
 bounds [0x000002ac12d10000, 0x000002ac12fe0000, 0x000002ac1a240000]
CodeHeap 'non-nmethods': size=5696Kb used=1139Kb max_used=1173Kb free=4556Kb
 bounds [0x000002ac12780000, 0x000002ac129f0000, 0x000002ac12d10000]
 total_blobs=1782 nmethods=1389 adapters=306
 compilation: enabled
              stopped_count=0, restarted_count=0
 full_count=0

Compilation events (20 events):
Event: 1.332 Thread 0x000002ac2dd17800 nmethod 1320 0x000002ac12fa1e90 code [0x000002ac12fa20a0, 0x000002ac12fa23e8]
Event: 1.332 Thread 0x000002ac2dd13000 nmethod 1310 0x000002ac1a2c2490 code [0x000002ac1a2c26a0, 0x000002ac1a2c2f30]
Event: 1.333 Thread 0x000002ac2dd13000 1314       4       java.lang.CharacterDataLatin1::isWhitespace (23 bytes)
Event: 1.333 Thread 0x000002ac2dd13000 nmethod 1314 0x000002ac1a2c3510 code [0x000002ac1a2c36a0, 0x000002ac1a2c3738]
Event: 1.334 Thread 0x000002ac2dd17800 1321       3       java.util.Arrays$ArrayItr::hasNext (18 bytes)
Event: 1.334 Thread 0x000002ac2dd17800 nmethod 1321 0x000002ac12fa2590 code [0x000002ac12fa2740, 0x000002ac12fa28b8]
Event: 1.334 Thread 0x000002ac2dd17800 1322   !   3       com.google.inject.spi.InjectionPoint::getInjectionPoints (489 bytes)
Event: 1.339 Thread 0x000002ac2dd17800 nmethod 1322 0x000002ac12fa2990 code [0x000002ac12fa2fe0, 0x000002ac12fa6688]
Event: 1.341 Thread 0x000002ac2dd17800 1323       3       com.google.common.collect.ImmutableSet::copyOf (42 bytes)
Event: 1.342 Thread 0x000002ac2dd17800 nmethod 1323 0x000002ac12fa7b90 code [0x000002ac12fa7da0, 0x000002ac12fa8448]
Event: 1.347 Thread 0x000002ac2dd17800 1324       3       java.lang.reflect.Field::<init> (44 bytes)
Event: 1.347 Thread 0x000002ac2dd17800 nmethod 1324 0x000002ac12fa8590 code [0x000002ac12fa8760, 0x000002ac12fa8b38]
Event: 1.355 Thread 0x000002ac2dd17800 1325       3       sun.reflect.generics.parser.SignatureParser::parseFieldTypeSignature (6 bytes)
Event: 1.355 Thread 0x000002ac2dd17800 nmethod 1325 0x000002ac12fa8c10 code [0x000002ac12fa8dc0, 0x000002ac12fa8ee8]
Event: 1.355 Thread 0x000002ac2dd13000 1327       4       jdk.internal.reflect.ByteVectorImpl::add (38 bytes)
Event: 1.355 Thread 0x000002ac2dd17800 1326       3       sun.reflect.generics.parser.SignatureParser::parseFieldTypeSignature (73 bytes)
Event: 1.356 Thread 0x000002ac2dd17800 nmethod 1326 0x000002ac12fa8f90 code [0x000002ac12fa91e0, 0x000002ac12fa9698]
Event: 1.356 Thread 0x000002ac2dd17800 1328       3       jdk.internal.reflect.ByteVectorImpl::get (26 bytes)
Event: 1.356 Thread 0x000002ac2dd17800 nmethod 1328 0x000002ac12fa9890 code [0x000002ac12fa9a60, 0x000002ac12fa9c28]
Event: 1.357 Thread 0x000002ac2dd13000 nmethod 1327 0x000002ac1a2c3810 code [0x000002ac1a2c39c0, 0x000002ac1a2c3ac8]

GC Heap History (4 events):
Event: 0.747 GC heap before
{Heap before GC invocations=0 (full 0):
 garbage-first heap   total 262144K, used 13312K [0x0000000701800000, 0x0000000800000000)
  region size 1024K, 14 young (14336K), 0 survivors (0K)
 Metaspace       used 11104K, capacity 11273K, committed 11392K, reserved 1058816K
  class space    used 1045K, capacity 1120K, committed 1152K, reserved 1048576K
}
Event: 0.752 GC heap after
{Heap after GC invocations=1 (full 0):
 garbage-first heap   total 262144K, used 3033K [0x0000000701800000, 0x0000000800000000)
  region size 1024K, 2 young (2048K), 2 survivors (2048K)
 Metaspace       used 11104K, capacity 11273K, committed 11392K, reserved 1058816K
  class space    used 1045K, capacity 1120K, committed 1152K, reserved 1048576K
}
Event: 1.017 GC heap before
{Heap before GC invocations=1 (full 0):
 garbage-first heap   total 262144K, used 14297K [0x0000000701800000, 0x0000000800000000)
  region size 1024K, 13 young (13312K), 2 survivors (2048K)
 Metaspace       used 12726K, capacity 12917K, committed 13184K, reserved 1060864K
  class space    used 1268K, capacity 1348K, committed 1408K, reserved 1048576K
}
Event: 1.021 GC heap after
{Heap after GC invocations=2 (full 0):
 garbage-first heap   total 262144K, used 3596K [0x0000000701800000, 0x0000000800000000)
  region size 1024K, 1 young (1024K), 1 survivors (1024K)
 Metaspace       used 12726K, capacity 12917K, committed 13184K, reserved 1060864K
  class space    used 1268K, capacity 1348K, committed 1408K, reserved 1048576K
}

Deoptimization events (20 events):
Event: 1.047 Thread 0x000002ac0a045800 DEOPT PACKING pc=0x000002ac1a286394 sp=0x000000ee6ccfd5b0
Event: 1.047 Thread 0x000002ac0a045800 DEOPT UNPACKING pc=0x000002ac127ca1af sp=0x000000ee6ccfd528 mode 2
Event: 1.073 Thread 0x000002ac0a045800 Uncommon trap: trap_request=0xffffff4d fr.pc=0x000002ac1a283d38 relative=0x0000000000000638
Event: 1.073 Thread 0x000002ac0a045800 Uncommon trap: reason=unstable_if action=reinterpret pc=0x000002ac1a283d38 method=java.util.HashMap.putVal(ILjava/lang/Object;Ljava/lang/Object;ZZ)Ljava/lang/Object; @ 181 c2
Event: 1.073 Thread 0x000002ac0a045800 DEOPT PACKING pc=0x000002ac1a283d38 sp=0x000000ee6ccfb140
Event: 1.073 Thread 0x000002ac0a045800 DEOPT UNPACKING pc=0x000002ac127ca1af sp=0x000000ee6ccfb0c0 mode 2
Event: 1.191 Thread 0x000002ac0a045800 Uncommon trap: trap_request=0xffffff4d fr.pc=0x000002ac1a2ae370 relative=0x00000000000004b0
Event: 1.191 Thread 0x000002ac0a045800 Uncommon trap: reason=unstable_if action=reinterpret pc=0x000002ac1a2ae370 method=java.lang.String.<init>([CIILjava/lang/Void;)V @ 5 c2
Event: 1.191 Thread 0x000002ac0a045800 DEOPT PACKING pc=0x000002ac1a2ae370 sp=0x000000ee6ccfd950
Event: 1.191 Thread 0x000002ac0a045800 DEOPT UNPACKING pc=0x000002ac127ca1af sp=0x000000ee6ccfd7e8 mode 2
Event: 1.213 Thread 0x000002ac0a045800 DEOPT PACKING pc=0x000002ac12f2e30d sp=0x000000ee6ccfda80
Event: 1.213 Thread 0x000002ac0a045800 DEOPT UNPACKING pc=0x000002ac127ca95e sp=0x000000ee6ccfcef0 mode 0
Event: 1.239 Thread 0x000002ac0a045800 Uncommon trap: trap_request=0xffffff4d fr.pc=0x000002ac1a2aa5d8 relative=0x0000000000000318
Event: 1.239 Thread 0x000002ac0a045800 Uncommon trap: reason=unstable_if action=reinterpret pc=0x000002ac1a2aa5d8 method=java.lang.String.<init>([CIILjava/lang/Void;)V @ 5 c2
Event: 1.239 Thread 0x000002ac0a045800 DEOPT PACKING pc=0x000002ac1a2aa5d8 sp=0x000000ee6ccfd890
Event: 1.239 Thread 0x000002ac0a045800 DEOPT UNPACKING pc=0x000002ac127ca1af sp=0x000000ee6ccfd850 mode 2
Event: 1.306 Thread 0x000002ac0a045800 Uncommon trap: trap_request=0xffffff4d fr.pc=0x000002ac1a2ad2bc relative=0x000000000000017c
Event: 1.306 Thread 0x000002ac0a045800 Uncommon trap: reason=unstable_if action=reinterpret pc=0x000002ac1a2ad2bc method=java.util.HashMap.getNode(ILjava/lang/Object;)Ljava/util/HashMap$Node; @ 129 c2
Event: 1.306 Thread 0x000002ac0a045800 DEOPT PACKING pc=0x000002ac1a2ad2bc sp=0x000000ee6ccfb6d0
Event: 1.306 Thread 0x000002ac0a045800 DEOPT UNPACKING pc=0x000002ac127ca1af sp=0x000000ee6ccfb640 mode 2

Classes redefined (0 events):
No events

Internal exceptions (11 events):
Event: 0.299 Thread 0x000002ac0a045800 Exception <a 'java/lang/NoSuchMethodError'{0x0000000711451d00}: 'int java.lang.invoke.DirectMethodHandle$Holder.invokeSpecialIFC(java.lang.Object, java.lang.Object, int)'> (0x0000000711451d00) thrown at [s\src\hotspot\share\interpreter\linkResolver.cpp, line 773]
Event: 0.314 Thread 0x000002ac0a045800 Exception <a 'java/lang/NullPointerException'{0x00000007114bba78}> (0x00000007114bba78) thrown at [s\src\hotspot\share\interpreter\linkResolver.cpp, line 1358]
Event: 0.341 Thread 0x000002ac0a045800 Exception <a 'java/lang/NullPointerException'{0x0000000711305b60}> (0x0000000711305b60) thrown at [s\src\hotspot\share\interpreter\linkResolver.cpp, line 1358]
Event: 0.341 Thread 0x000002ac0a045800 Exception <a 'java/lang/NullPointerException'{0x0000000711305e30}> (0x0000000711305e30) thrown at [s\src\hotspot\share\interpreter\linkResolver.cpp, line 1358]
Event: 0.341 Thread 0x000002ac0a045800 Exception <a 'java/lang/NullPointerException'{0x0000000711306100}> (0x0000000711306100) thrown at [s\src\hotspot\share\interpreter\linkResolver.cpp, line 1358]
Event: 0.343 Thread 0x000002ac0a045800 Exception <a 'java/lang/NullPointerException'{0x000000071130cb28}> (0x000000071130cb28) thrown at [s\src\hotspot\share\interpreter\linkResolver.cpp, line 1358]
Event: 0.346 Thread 0x000002ac0a045800 Exception <a 'java/lang/NullPointerException'{0x0000000711323558}> (0x0000000711323558) thrown at [s\src\hotspot\share\interpreter\linkResolver.cpp, line 1358]
Event: 0.346 Thread 0x000002ac0a045800 Exception <a 'java/lang/NullPointerException'{0x0000000711323828}> (0x0000000711323828) thrown at [s\src\hotspot\share\interpreter\linkResolver.cpp, line 1358]
Event: 0.346 Thread 0x000002ac0a045800 Exception <a 'java/lang/NullPointerException'{0x0000000711323af8}> (0x0000000711323af8) thrown at [s\src\hotspot\share\interpreter\linkResolver.cpp, line 1358]
Event: 0.346 Thread 0x000002ac0a045800 Exception <a 'java/lang/NullPointerException'{0x0000000711323dc8}> (0x0000000711323dc8) thrown at [s\src\hotspot\share\interpreter\linkResolver.cpp, line 1358]
Event: 0.878 Thread 0x000002ac0a045800 Exception <a 'java/lang/NoClassDefFoundError'{0x000000071145c3b0}: javax/enterprise/inject/Typed> (0x000000071145c3b0) thrown at [s\src\hotspot\share\classfile\systemDictionary.cpp, line 219]

Events (20 events):
Event: 1.354 loading class org/apache/maven/plugin/descriptor/PluginDescriptorBuilder
Event: 1.354 loading class org/apache/maven/plugin/descriptor/PluginDescriptorBuilder done
Event: 1.356 loading class org/apache/maven/plugin/descriptor/PluginDescriptor
Event: 1.356 loading class org/apache/maven/plugin/descriptor/PluginDescriptor done
Event: 1.357 loading class org/codehaus/plexus/component/repository/ComponentSetDescriptor
Event: 1.357 loading class org/codehaus/plexus/component/repository/ComponentSetDescriptor done
Event: 1.358 loading class org/eclipse/aether/graph/DependencyFilter
Event: 1.358 loading class org/eclipse/aether/graph/DependencyFilter done
Event: 1.358 loading class org/apache/maven/model/Plugin
Event: 1.358 loading class org/apache/maven/model/Plugin done
Event: 1.359 loading class org/apache/maven/model/ConfigurationContainer
Event: 1.359 loading class org/apache/maven/model/ConfigurationContainer done
Event: 1.359 loading class org/apache/maven/model/InputLocationTracker
Event: 1.359 loading class org/apache/maven/model/InputLocationTracker done
Event: 1.360 loading class org/apache/maven/plugin/descriptor/MojoDescriptor
Event: 1.360 loading class org/apache/maven/plugin/descriptor/MojoDescriptor done
Event: 1.360 loading class org/eclipse/aether/graph/DependencyNode
Event: 1.360 loading class org/eclipse/aether/graph/DependencyNode done
Event: 1.361 loading class org/eclipse/aether/util/graph/visitor/PreorderNodeListGenerator
Event: 1.361 loading class org/eclipse/aether/util/graph/visitor/PreorderNodeListGenerator done


Dynamic libraries:
0x00007ff6261b0000 - 0x00007ff6261be000 	C:\Program Files\Eclipse Adoptium\jdk-11.0.20.101-hotspot\bin\java.exe
0x00007ffe7ac30000 - 0x00007ffe7ae27000 	C:\Windows\SYSTEM32\ntdll.dll
0x00007ffe797a0000 - 0x00007ffe7985d000 	C:\Windows\System32\KERNEL32.DLL
0x00007ffe78340000 - 0x00007ffe78636000 	C:\Windows\System32\KERNELBASE.dll
0x00007ffe78640000 - 0x00007ffe78740000 	C:\Windows\System32\ucrtbase.dll
0x00007ffe6c8f0000 - 0x00007ffe6c909000 	C:\Program Files\Eclipse Adoptium\jdk-11.0.20.101-hotspot\bin\VCRUNTIME140.dll
0x00007ffe71870000 - 0x00007ffe71888000 	C:\Program Files\Eclipse Adoptium\jdk-11.0.20.101-hotspot\bin\jli.dll
0x00007ffe79eb0000 - 0x00007ffe7a04e000 	C:\Windows\System32\USER32.dll
0x00007ffe78310000 - 0x00007ffe78332000 	C:\Windows\System32\win32u.dll
0x00007ffe616a0000 - 0x00007ffe6193a000 	C:\Windows\WinSxS\amd64_microsoft.windows.common-controls_6595b64144ccf1df_6.0.19041.3570_none_60bb2a3971f3e41a\COMCTL32.dll
0x00007ffe79e80000 - 0x00007ffe79eac000 	C:\Windows\System32\GDI32.dll
0x00007ffe7aa60000 - 0x00007ffe7aafe000 	C:\Windows\System32\msvcrt.dll
0x00007ffe78940000 - 0x00007ffe78a5a000 	C:\Windows\System32\gdi32full.dll
0x00007ffe78b40000 - 0x00007ffe78bdd000 	C:\Windows\System32\msvcp_win.dll
0x00007ffe7a6d0000 - 0x00007ffe7a700000 	C:\Windows\System32\IMM32.DLL
0x00007ffe3f990000 - 0x00007ffe3fa41000 	C:\Program Files\McAfee\Endpoint Security\Threat Prevention\Ips\EpMPApi.dll
0x00007ffe79c80000 - 0x00007ffe79da6000 	C:\Windows\System32\RPCRT4.dll
0x00007ffe7a5a0000 - 0x00007ffe7a64e000 	C:\Windows\System32\ADVAPI32.dll
0x00007ffe7a700000 - 0x00007ffe7a79c000 	C:\Windows\System32\sechost.dll
0x00007ffe78740000 - 0x00007ffe787a7000 	C:\Windows\System32\WINTRUST.dll
0x00007ffe787b0000 - 0x00007ffe7890d000 	C:\Windows\System32\CRYPT32.dll
0x00007ffe78080000 - 0x00007ffe78092000 	C:\Windows\SYSTEM32\MSASN1.dll
0x0000000058ab0000 - 0x0000000058abc000 	C:\Program Files\McAfee\Endpoint Security\Threat Prevention\Ips\EpMPThe.dll
0x00007ffe46a90000 - 0x00007ffe46aeb000 	C:\Program Files\McAfee\Endpoint Security\Threat Prevention\Ips\HIPHandlers64.dll
0x00007ffe78e00000 - 0x00007ffe79544000 	C:\Windows\System32\SHELL32.dll
0x00007ffe78c90000 - 0x00007ffe78ce5000 	C:\Windows\System32\SHLWAPI.dll
0x00007ffe71ff0000 - 0x00007ffe721d4000 	C:\Windows\SYSTEM32\dbghelp.dll
0x00007ffe6c8e0000 - 0x00007ffe6c8ec000 	C:\Program Files\Eclipse Adoptium\jdk-11.0.20.101-hotspot\bin\vcruntime140_1.dll
0x00007ffe2d4a0000 - 0x00007ffe2d531000 	C:\Program Files\Eclipse Adoptium\jdk-11.0.20.101-hotspot\bin\msvcp140.dll
0x00007ffe090d0000 - 0x00007ffe09c8c000 	C:\Program Files\Eclipse Adoptium\jdk-11.0.20.101-hotspot\bin\server\jvm.dll
0x00007ffe79550000 - 0x00007ffe79558000 	C:\Windows\System32\PSAPI.DLL
0x00007ffe54d50000 - 0x00007ffe54d59000 	C:\Windows\SYSTEM32\WSOCK32.dll
0x00007ffe7a7a0000 - 0x00007ffe7a80b000 	C:\Windows\System32\WS2_32.dll
0x00007ffe6f760000 - 0x00007ffe6f787000 	C:\Windows\SYSTEM32\WINMM.dll
0x00007ffe6d270000 - 0x00007ffe6d27a000 	C:\Windows\SYSTEM32\VERSION.dll
0x00007ffe76970000 - 0x00007ffe76982000 	C:\Windows\SYSTEM32\kernel.appcore.dll
0x00007ffe6c7e0000 - 0x00007ffe6c7f0000 	C:\Program Files\Eclipse Adoptium\jdk-11.0.20.101-hotspot\bin\verify.dll
0x00007ffe5caf0000 - 0x00007ffe5cb24000 	C:\Windows\SYSTEM32\dbgcore.DLL
0x00007ffe78ab0000 - 0x00007ffe78b32000 	C:\Windows\System32\bcryptPrimitives.dll
0x00007ffe65ac0000 - 0x00007ffe65ae8000 	C:\Program Files\Eclipse Adoptium\jdk-11.0.20.101-hotspot\bin\java.dll
0x00007ffe67c50000 - 0x00007ffe67c5a000 	C:\Program Files\Eclipse Adoptium\jdk-11.0.20.101-hotspot\bin\jimage.dll
0x00007ffe65230000 - 0x00007ffe65248000 	C:\Program Files\Eclipse Adoptium\jdk-11.0.20.101-hotspot\bin\zip.dll
0x00007ffe75bd0000 - 0x00007ffe7636b000 	C:\Windows\SYSTEM32\windows.storage.dll
0x00007ffe79860000 - 0x00007ffe79bb4000 	C:\Windows\System32\combase.dll
0x00007ffe77c00000 - 0x00007ffe77c2d000 	C:\Windows\SYSTEM32\Wldp.dll
0x00007ffe78cf0000 - 0x00007ffe78d9d000 	C:\Windows\System32\SHCORE.dll
0x00007ffe78240000 - 0x00007ffe78265000 	C:\Windows\SYSTEM32\profapi.dll
0x00007ffe611d0000 - 0x00007ffe611e9000 	C:\Program Files\Eclipse Adoptium\jdk-11.0.20.101-hotspot\bin\net.dll
0x00007ffe6a240000 - 0x00007ffe6a34a000 	C:\Windows\SYSTEM32\WINHTTP.dll
0x00007ffe77980000 - 0x00007ffe779ea000 	C:\Windows\system32\mswsock.dll
0x00007ffe60de0000 - 0x00007ffe60df3000 	C:\Program Files\Eclipse Adoptium\jdk-11.0.20.101-hotspot\bin\nio.dll
0x0000000069ac0000 - 0x0000000069ae4000 	C:\Program Files (x86)\apache-maven-3.8.6-bin\apache-maven-3.8.6\lib\jansi-native\Windows\x86_64\jansi.dll

dbghelp: loaded successfully - version: 4.0.5 - missing functions: none
symbol engine: initialized successfully - sym options: 0x614 - pdb path: .;C:\Program Files\Eclipse Adoptium\jdk-11.0.20.101-hotspot\bin;C:\Windows\SYSTEM32;C:\Windows\WinSxS\amd64_microsoft.windows.common-controls_6595b64144ccf1df_6.0.19041.3570_none_60bb2a3971f3e41a;C:\Program Files\McAfee\Endpoint Security\Threat Prevention\Ips;C:\Program Files\Eclipse Adoptium\jdk-11.0.20.101-hotspot\bin\server;C:\Program Files (x86)\apache-maven-3.8.6-bin\apache-maven-3.8.6\lib\jansi-native\Windows\x86_64

VM Arguments:
jvm_args: -Dclassworlds.conf=C:\Program Files (x86)\apache-maven-3.8.6-bin\apache-maven-3.8.6\bin\m2.conf -Dmaven.home=C:\Program Files (x86)\apache-maven-3.8.6-bin\apache-maven-3.8.6 -Dlibrary.jansi.path=C:\Program Files (x86)\apache-maven-3.8.6-bin\apache-maven-3.8.6\lib\jansi-native -Dmaven.multiModuleProjectDirectory=F:\Z_Novatec\AA_Nora\Entrevistas\GML\noviembre-clientes-alianza\clients 
java_command: org.codehaus.plexus.classworlds.launcher.Launcher clean package
java_class_path (initial): C:\Program Files (x86)\apache-maven-3.8.6-bin\apache-maven-3.8.6\boot\plexus-classworlds-2.6.0.jar
Launcher Type: SUN_STANDARD

[Global flags]
     intx CICompilerCount                          = 3                                         {product} {ergonomic}
     uint ConcGCThreads                            = 1                                         {product} {ergonomic}
     uint G1ConcRefinementThreads                  = 4                                         {product} {ergonomic}
   size_t G1HeapRegionSize                         = 1048576                                   {product} {ergonomic}
    uintx GCDrainStackTargetSize                   = 64                                        {product} {ergonomic}
   size_t InitialHeapSize                          = 268435456                                 {product} {ergonomic}
   size_t MarkStackSize                            = 4194304                                   {product} {ergonomic}
   size_t MaxHeapSize                              = 4269801472                                {product} {ergonomic}
   size_t MaxNewSize                               = 2561671168                                {product} {ergonomic}
   size_t MinHeapDeltaBytes                        = 1048576                                   {product} {ergonomic}
    uintx NonNMethodCodeHeapSize                   = 5830732                                {pd product} {ergonomic}
    uintx NonProfiledCodeHeapSize                  = 122913754                              {pd product} {ergonomic}
    uintx ProfiledCodeHeapSize                     = 122913754                              {pd product} {ergonomic}
    uintx ReservedCodeCacheSize                    = 251658240                              {pd product} {ergonomic}
     bool SegmentedCodeCache                       = true                                      {product} {ergonomic}
     bool UseCompressedClassPointers               = true                                 {lp64_product} {ergonomic}
     bool UseCompressedOops                        = true                                 {lp64_product} {ergonomic}
     bool UseG1GC                                  = true                                      {product} {ergonomic}
     bool UseLargePagesIndividualAllocation        = false                                  {pd product} {ergonomic}

Logging:
Log output configuration:
 #0: stdout all=warning uptime,level,tags
 #1: stderr all=off uptime,level,tags

Environment Variables:
JAVA_HOME=C:\Program Files\Eclipse Adoptium\jdk-11.0.20.101-hotspot\
PATH=C:\Program Files\Eclipse Adoptium\jdk-11.0.20.101-hotspot\bin;C:\Program Files (x86)\Common Files\Oracle\Java\javapath;C:\Windows\system32;C:\Windows;C:\Windows\System32\Wbem;C:\Windows\System32\WindowsPowerShell\v1.0\;C:\Windows\System32\OpenSSH\;C:\gradle-6.8.3\bin;C:\Program Files\Eclipse Adoptium\jdk-11.0.20.101-hotspot\\bin;C:\Program Files (x86)\Gpg4win\..\GnuPG\bin;C:\Program Files (x86)\apache-maven-3.8.6-bin\apache-maven-3.8.6\bin;C:\Program Files\Amazon\AWSCLIV2\;C:\Users\nora.martinez\AppData\Roaming\nvm;C:\Program Files\nodejs;C:\ProgramData\chocolatey\bin;;C:\Program Files\Docker\Docker\resources\bin;C:\Program Files\Amazon\AWSSAMCLI\bin\;C:\Users\nora.martinez\AppData\Local\Programs\Python\Python311\Scripts\;C:\Users\nora.martinez\AppData\Local\Programs\Python\Python311\;C:\Users\nora.martinez\AppData\Local\Microsoft\WindowsApps;C:\Users\nora.martinez\AppData\Local\Programs\Git\cmd;C:\Users\nora.martinez\AppData\Local\Programs\Microsoft VS Code\bin;C:\Users\nora.martinez\AppData\Roaming\nvm;C:\Program Files\nodejs;C:\Redis-x64-3.0.504;
USERNAME=nora.martinez
OS=Windows_NT
PROCESSOR_IDENTIFIER=Intel64 Family 6 Model 78 Stepping 3, GenuineIntel
TMP=C:\Users\NORA~1.MAR\AppData\Local\Temp
TEMP=C:\Users\NORA~1.MAR\AppData\Local\Temp



---------------  S Y S T E M  ---------------

OS: Windows 10 , 64 bit Build 19041 (10.0.19041.3570)
OS uptime: 10 days 10:00 hours
Hyper-V role detected

CPU:total 4 (initial active 4) (2 cores per cpu, 2 threads per core) family 6 model 78 stepping 3 microcode 0xe2, cmov, cx8, fxsr, mmx, sse, sse2, sse3, ssse3, sse4.1, sse4.2, popcnt, avx, avx2, aes, clmul, erms, 3dnowpref, lzcnt, ht, tsc, tscinvbit, bmi1, bmi2, adx, fma

Memory: 4k page, system-wide physical 16280M (1905M free)
TotalPageFile size 24472M (AvailPageFile size 3M)
current process WorkingSet (physical memory assigned to process): 88M, peak: 88M
current process commit charge ("private bytes"): 356M, peak: 356M

vm_info: OpenJDK 64-Bit Server VM (11.0.20.1+1) for windows-amd64 JRE (11.0.20.1+1), built on Aug 23 2023 16:12:40 by "" with MS VC++ 16.7 (VS2019)

END.
